<?xml version="1.0" encoding="UTF-8"?>
<testng-results ignored="0" total="1" passed="1" failed="0" skipped="0">
  <reporter-output>
  </reporter-output>
  <suite started-at="2020-08-22T07:44:41Z" name="Command line suite" finished-at="2020-08-22T07:44:41Z" duration-ms="16">
    <groups>
    </groups>
    <test started-at="2020-08-22T07:44:41Z" name="Command line test" finished-at="2020-08-22T07:44:41Z" duration-ms="16">
      <class name="com.Jenkins.AppTest">
        <test-method signature="testApp()[pri:0, instance:testApp(com.Jenkins.AppTest)]" started-at="2020-08-22T07:44:41Z" name="testApp" finished-at="2020-08-22T07:44:41Z" duration-ms="2" status="PASS">
          <reporter-output>
          </reporter-output>
        </test-method> <!-- testApp -->
      </class> <!-- com.Jenkins.AppTest -->
    </test> <!-- Command line test -->
  </suite> <!-- Command line suite -->
</testng-results>
