<?xml version="1.0" encoding="UTF-8"?>
<testng-results ignored="0" total="1" passed="1" failed="0" skipped="0">
  <reporter-output>
  </reporter-output>
  <suite started-at="2020-08-22T07:44:41Z" name="Command line suite" finished-at="2020-08-22T07:44:41Z" duration-ms="70">
    <groups>
    </groups>
    <test started-at="2020-08-22T07:44:41Z" name="Command line test" finished-at="2020-08-22T07:44:41Z" duration-ms="70">
      <class name="com.Jenkins.JenkinsCalculatorTest">
        <test-method signature="getTest()[pri:0, instance:com.Jenkins.JenkinsCalculatorTest@670ce331]" started-at="2020-08-22T07:44:41Z" name="getTest" finished-at="2020-08-22T07:44:41Z" duration-ms="14" status="PASS">
          <reporter-output>
          </reporter-output>
        </test-method> <!-- getTest -->
      </class> <!-- com.Jenkins.JenkinsCalculatorTest -->
    </test> <!-- Command line test -->
  </suite> <!-- Command line suite -->
</testng-results>
